  [4;36;1mSQL (0.000149)[0m   [0;1mSET SQL_AUTO_IS_NULL=0[0m
  [4;35;1mNotification Load (0.000593)[0m   [0mSELECT * FROM notifications WHERE (notifications.`status` = 'Pending') ORDER BY updated_at[0m
  [4;36;1mNotification Columns (0.000943)[0m   [0;1mSHOW FIELDS FROM notifications[0m
Sent mail:
 From: notifications@dms.myflorida.com
To: david@thinkcreative.com
Subject: [PPPAMS] Review 10 status updated to Review on June 23 by David Broadfoot
Mime-Version: 1.0
Content-Type: text/plain; charset=utf-8

Review ID:
  10

Review Status:
  Review

Date:
  June 23, 2008 @ 16:06

Facility:
  Bay Correctional Facility

Indicator Category:
  Transfer and Discharge

Indicator Question:
  Does an inmate's health care file accompany an inmate when he/she is transferred to another facility?

Link:
  http://[PPPAMS_URL]/pppams_reviews/10
  [4;35;1mSQL (0.000103)[0m   [0mBEGIN[0m
  [4;36;1mNotification Update (0.000924)[0m   [0;1mUPDATE notifications SET `created_at` = '2008-06-23 16:08:34', `to_email` = 'david@thinkcreative.com', `body` = 'Review ID:\n 10\n\nReview Status:\n Review\n\nDate:\n June 23, 2008 @ 16:06\n\nFacility:\n Bay Correctional Facility\n\nIndicator Category:\n Transfer and Discharge\n\nIndicator Question:\n Does an inmate\'s health care file accompany an inmate when he/she is transferred to another facility?\n\nLink:\n http://[PPPAMS_URL]/pppams_reviews/10', `status` = 'Pending', `created_by` = 1, `from_email` = 'notifications@dms.myflorida.com', `subject` = '[PPPAMS] Review 10 status updated to Review on June 23 by David Broadfoot', `updated_at` = '2008-06-23 16:09:47' WHERE id = 1[0m
  [4;35;1mSQL (0.003910)[0m   [0mCOMMIT[0m
Sent mail:
 From: notifications@dms.myflorida.com
To: david@thinkcreative.com
Subject: [PPPAMS] Review 10 status updated to Review on June 23 by David Broadfoot
Mime-Version: 1.0
Content-Type: text/plain; charset=utf-8

Review ID:
  10

Review Status:
  Review

Date:
  June 23, 2008 @ 16:06

Facility:
  Bay Correctional Facility

Indicator Category:
  Transfer and Discharge

Indicator Question:
  Does an inmate's health care file accompany an inmate when he/she is transferred to another facility?

Link:
  http://[PPPAMS_URL]/pppams_reviews/10
  [4;36;1mSQL (0.000105)[0m   [0;1mBEGIN[0m
  [4;35;1mNotification Update (0.000281)[0m   [0mUPDATE notifications SET `created_at` = '2008-06-23 16:08:34', `to_email` = 'david@thinkcreative.com', `body` = 'Review ID:\n 10\n\nReview Status:\n Review\n\nDate:\n June 23, 2008 @ 16:06\n\nFacility:\n Bay Correctional Facility\n\nIndicator Category:\n Transfer and Discharge\n\nIndicator Question:\n Does an inmate\'s health care file accompany an inmate when he/she is transferred to another facility?\n\nLink:\n http://[PPPAMS_URL]/pppams_reviews/10', `status` = 'Pending', `created_by` = 1, `from_email` = 'notifications@dms.myflorida.com', `subject` = '[PPPAMS] Review 10 status updated to Review on June 23 by David Broadfoot', `updated_at` = '2008-06-23 16:09:47' WHERE id = 2[0m
  [4;36;1mSQL (0.003336)[0m   [0;1mCOMMIT[0m
Sent mail:
 From: notifications@dms.myflorida.com
To: david+pppamstest@thinkcreative.com
Subject: [PPPAMS] Review 10 status updated to Review on June 23 by David Broadfoot
Mime-Version: 1.0
Content-Type: text/plain; charset=utf-8

Review ID:
  10

Review Status:
  Review

Date:
  June 23, 2008 @ 16:06

Facility:
  Bay Correctional Facility

Indicator Category:
  Transfer and Discharge

Indicator Question:
  Does an inmate's health care file accompany an inmate when he/she is transferred to another facility?

Link:
  http://[PPPAMS_URL]/pppams_reviews/10
  [4;35;1mSQL (0.000108)[0m   [0mBEGIN[0m
  [4;36;1mNotification Update (0.000331)[0m   [0;1mUPDATE notifications SET `created_at` = '2008-06-23 16:08:34', `to_email` = 'david+pppamstest@thinkcreative.com', `body` = 'Review ID:\n 10\n\nReview Status:\n Review\n\nDate:\n June 23, 2008 @ 16:06\n\nFacility:\n Bay Correctional Facility\n\nIndicator Category:\n Transfer and Discharge\n\nIndicator Question:\n Does an inmate\'s health care file accompany an inmate when he/she is transferred to another facility?\n\nLink:\n http://[PPPAMS_URL]/pppams_reviews/10', `status` = 'Pending', `created_by` = 1, `from_email` = 'notifications@dms.myflorida.com', `subject` = '[PPPAMS] Review 10 status updated to Review on June 23 by David Broadfoot', `updated_at` = '2008-06-23 16:09:47' WHERE id = 3[0m
  [4;35;1mSQL (0.005768)[0m   [0mCOMMIT[0m
Sent mail:
 From: notifications@dms.myflorida.com
To: david@thinkcreative.com
Subject: [PPPAMS] Review 10 status updated to Review on June 23 by David Broadfoot
Mime-Version: 1.0
Content-Type: text/plain; charset=utf-8

Review ID:
  10

Review Status:
  Review

Date:
  June 23, 2008 @ 16:06

Facility:
  Bay Correctional Facility

Indicator Category:
  Transfer and Discharge

Indicator Question:
  Does an inmate's health care file accompany an inmate when he/she is transferred to another facility?

Link:
  http://[PPPAMS_URL]/pppams_reviews/10
  [4;36;1mSQL (0.000108)[0m   [0;1mBEGIN[0m
  [4;35;1mNotification Update (0.000320)[0m   [0mUPDATE notifications SET `created_at` = '2008-06-23 16:08:34', `to_email` = 'david@thinkcreative.com', `body` = 'Review ID:\n 10\n\nReview Status:\n Review\n\nDate:\n June 23, 2008 @ 16:06\n\nFacility:\n Bay Correctional Facility\n\nIndicator Category:\n Transfer and Discharge\n\nIndicator Question:\n Does an inmate\'s health care file accompany an inmate when he/she is transferred to another facility?\n\nLink:\n http://[PPPAMS_URL]/pppams_reviews/10', `status` = 'Pending', `created_by` = 1, `from_email` = 'notifications@dms.myflorida.com', `subject` = '[PPPAMS] Review 10 status updated to Review on June 23 by David Broadfoot', `updated_at` = '2008-06-23 16:09:47' WHERE id = 4[0m
  [4;36;1mSQL (0.002543)[0m   [0;1mCOMMIT[0m
  [4;36;1mSQL (0.000148)[0m   [0;1mSET SQL_AUTO_IS_NULL=0[0m
  [4;35;1mNotification Load (0.000646)[0m   [0mSELECT * FROM notifications WHERE (notifications.`status` = 'Pending') ORDER BY updated_at[0m
  [4;36;1mNotification Columns (0.000956)[0m   [0;1mSHOW FIELDS FROM notifications[0m
Sent mail:
 From: notifications@dms.myflorida.com
To: david+Admin_pppamstest@thinkcreative.com
Subject: [PPPAMS] Review 10 status updated to Review on June 23 by David Broadfoot
Mime-Version: 1.0
Content-Type: text/plain; charset=utf-8

Review ID:
  10

Review Status:
  Review

Date:
  June 23, 2008 @ 16:06

Facility:
  Bay Correctional Facility

Indicator Category:
  Transfer and Discharge

Indicator Question:
  Does an inmate's health care file accompany an inmate when he/she is transferred to another facility?

Link:
  http://[PPPAMS_URL]/pppams_reviews/10
  [4;35;1mSQL (0.000105)[0m   [0mBEGIN[0m
  [4;36;1mNotification Update (0.000723)[0m   [0;1mUPDATE notifications SET `created_at` = '2008-06-23 16:37:30', `to_email` = 'david+Admin_pppamstest@thinkcreative.com', `body` = 'Review ID:\n 10\n\nReview Status:\n Review\n\nDate:\n June 23, 2008 @ 16:06\n\nFacility:\n Bay Correctional Facility\n\nIndicator Category:\n Transfer and Discharge\n\nIndicator Question:\n Does an inmate\'s health care file accompany an inmate when he/she is transferred to another facility?\n\nLink:\n http://[PPPAMS_URL]/pppams_reviews/10', `status` = 'Pending', `created_by` = 1, `from_email` = 'notifications@dms.myflorida.com', `subject` = '[PPPAMS] Review 10 status updated to Review on June 23 by David Broadfoot', `updated_at` = '2008-06-23 16:38:00' WHERE id = 2[0m
  [4;35;1mSQL (0.004402)[0m   [0mCOMMIT[0m
Sent mail:
 From: notifications@dms.myflorida.com
To: david@thinkcreative.com
Subject: [PPPAMS] Review 10 status updated to Review on June 23 by David Broadfoot
Mime-Version: 1.0
Content-Type: text/plain; charset=utf-8

Review ID:
  10

Review Status:
  Review

Date:
  June 23, 2008 @ 16:06

Facility:
  Bay Correctional Facility

Indicator Category:
  Transfer and Discharge

Indicator Question:
  Does an inmate's health care file accompany an inmate when he/she is transferred to another facility?

Link:
  http://[PPPAMS_URL]/pppams_reviews/10
  [4;36;1mSQL (0.000123)[0m   [0;1mBEGIN[0m
  [4;35;1mNotification Update (0.000340)[0m   [0mUPDATE notifications SET `created_at` = '2008-06-23 16:37:30', `to_email` = 'david@thinkcreative.com', `body` = 'Review ID:\n 10\n\nReview Status:\n Review\n\nDate:\n June 23, 2008 @ 16:06\n\nFacility:\n Bay Correctional Facility\n\nIndicator Category:\n Transfer and Discharge\n\nIndicator Question:\n Does an inmate\'s health care file accompany an inmate when he/she is transferred to another facility?\n\nLink:\n http://[PPPAMS_URL]/pppams_reviews/10', `status` = 'Pending', `created_by` = 1, `from_email` = 'notifications@dms.myflorida.com', `subject` = '[PPPAMS] Review 10 status updated to Review on June 23 by David Broadfoot', `updated_at` = '2008-06-23 16:38:01' WHERE id = 3[0m
  [4;36;1mSQL (0.005073)[0m   [0;1mCOMMIT[0m
  [4;36;1mSQL (0.000136)[0m   [0;1mSET SQL_AUTO_IS_NULL=0[0m
  [4;35;1mNotification Load (0.000459)[0m   [0mSELECT * FROM notifications WHERE (notifications.`status` = 'Pending') ORDER BY updated_at[0m
  [4;36;1mNotification Columns (0.000835)[0m   [0;1mSHOW FIELDS FROM notifications[0m
Sent mail:
 From: notifications@dms.myflorida.com
To: david+Admin_pppamstest@thinkcreative.com
Subject: [PPPAMS] Review 10 status updated to Review on June 23 by David Broadfoot
Mime-Version: 1.0
Content-Type: text/plain; charset=utf-8

Review ID:
  10

Review Status:
  Review

Date:
  June 23, 2008 @ 16:06

Facility:
  Bay Correctional Facility

Indicator Category:
  Transfer and Discharge

Indicator Question:
  Does an inmate's health care file accompany an inmate when he/she is transferred to another facility?

Link:
  http://[PPPAMS_URL]/pppams_reviews/10
  [4;35;1mSQL (0.000101)[0m   [0mBEGIN[0m
  [4;36;1mNotification Update (0.000598)[0m   [0;1mUPDATE notifications SET `created_at` = '2008-06-23 16:37:30', `to_email` = 'david+Admin_pppamstest@thinkcreative.com', `body` = 'Review ID:\n 10\n\nReview Status:\n Review\n\nDate:\n June 23, 2008 @ 16:06\n\nFacility:\n Bay Correctional Facility\n\nIndicator Category:\n Transfer and Discharge\n\nIndicator Question:\n Does an inmate\'s health care file accompany an inmate when he/she is transferred to another facility?\n\nLink:\n http://[PPPAMS_URL]/pppams_reviews/10', `status` = 'Pending', `created_by` = 1, `from_email` = 'notifications@dms.myflorida.com', `subject` = '[PPPAMS] Review 10 status updated to Review on June 23 by David Broadfoot', `updated_at` = '2008-06-23 16:38:10' WHERE id = 2[0m
  [4;35;1mSQL (0.004527)[0m   [0mCOMMIT[0m
Sent mail:
 From: notifications@dms.myflorida.com
To: david@thinkcreative.com
Subject: [PPPAMS] Review 10 status updated to Review on June 23 by David Broadfoot
Mime-Version: 1.0
Content-Type: text/plain; charset=utf-8

Review ID:
  10

Review Status:
  Review

Date:
  June 23, 2008 @ 16:06

Facility:
  Bay Correctional Facility

Indicator Category:
  Transfer and Discharge

Indicator Question:
  Does an inmate's health care file accompany an inmate when he/she is transferred to another facility?

Link:
  http://[PPPAMS_URL]/pppams_reviews/10
  [4;36;1mSQL (0.000117)[0m   [0;1mBEGIN[0m
  [4;35;1mNotification Update (0.000464)[0m   [0mUPDATE notifications SET `created_at` = '2008-06-23 16:37:30', `to_email` = 'david@thinkcreative.com', `body` = 'Review ID:\n 10\n\nReview Status:\n Review\n\nDate:\n June 23, 2008 @ 16:06\n\nFacility:\n Bay Correctional Facility\n\nIndicator Category:\n Transfer and Discharge\n\nIndicator Question:\n Does an inmate\'s health care file accompany an inmate when he/she is transferred to another facility?\n\nLink:\n http://[PPPAMS_URL]/pppams_reviews/10', `status` = 'Pending', `created_by` = 1, `from_email` = 'notifications@dms.myflorida.com', `subject` = '[PPPAMS] Review 10 status updated to Review on June 23 by David Broadfoot', `updated_at` = '2008-06-23 16:38:10' WHERE id = 3[0m
  [4;36;1mSQL (0.000309)[0m   [0;1mCOMMIT[0m
  [4;36;1mSQL (0.000149)[0m   [0;1mSET SQL_AUTO_IS_NULL=0[0m
  [4;35;1mNotification Load (0.000896)[0m   [0mSELECT * FROM notifications WHERE (notifications.`status` = 'Pending') ORDER BY updated_at[0m
  [4;36;1mNotification Columns (0.000947)[0m   [0;1mSHOW FIELDS FROM notifications[0m
Sent mail:
 From: notifications@dms.myflorida.com
To: david+Admin_pppamstest@thinkcreative.com
Subject: [PPPAMS] Review 10 status updated to Review on June 23 by David Broadfoot
Mime-Version: 1.0
Content-Type: text/plain; charset=utf-8

Review ID:
  10

Review Status:
  Review

Date:
  June 23, 2008 @ 16:06

Facility:
  Bay Correctional Facility

Indicator Category:
  Transfer and Discharge

Indicator Question:
  Does an inmate's health care file accompany an inmate when he/she is transferred to another facility?

Link:
  http://[PPPAMS_URL]/pppams_reviews/10
  [4;35;1mSQL (0.000107)[0m   [0mBEGIN[0m
  [4;36;1mNotification Update (0.000740)[0m   [0;1mUPDATE notifications SET `created_at` = '2008-06-23 16:37:30', `to_email` = 'david+Admin_pppamstest@thinkcreative.com', `body` = 'Review ID:\n 10\n\nReview Status:\n Review\n\nDate:\n June 23, 2008 @ 16:06\n\nFacility:\n Bay Correctional Facility\n\nIndicator Category:\n Transfer and Discharge\n\nIndicator Question:\n Does an inmate\'s health care file accompany an inmate when he/she is transferred to another facility?\n\nLink:\n http://[PPPAMS_URL]/pppams_reviews/10', `status` = 'Sent', `created_by` = 1, `from_email` = 'notifications@dms.myflorida.com', `subject` = '[PPPAMS] Review 10 status updated to Review on June 23 by David Broadfoot', `updated_at` = '2008-06-23 16:43:32' WHERE id = 2[0m
  [4;35;1mSQL (0.003866)[0m   [0mCOMMIT[0m
Sent mail:
 From: notifications@dms.myflorida.com
To: david@thinkcreative.com
Subject: [PPPAMS] Review 10 status updated to Review on June 23 by David Broadfoot
Mime-Version: 1.0
Content-Type: text/plain; charset=utf-8

Review ID:
  10

Review Status:
  Review

Date:
  June 23, 2008 @ 16:06

Facility:
  Bay Correctional Facility

Indicator Category:
  Transfer and Discharge

Indicator Question:
  Does an inmate's health care file accompany an inmate when he/she is transferred to another facility?

Link:
  http://[PPPAMS_URL]/pppams_reviews/10
  [4;36;1mSQL (0.000138)[0m   [0;1mBEGIN[0m
  [4;35;1mNotification Update (0.000572)[0m   [0mUPDATE notifications SET `created_at` = '2008-06-23 16:37:30', `to_email` = 'david@thinkcreative.com', `body` = 'Review ID:\n 10\n\nReview Status:\n Review\n\nDate:\n June 23, 2008 @ 16:06\n\nFacility:\n Bay Correctional Facility\n\nIndicator Category:\n Transfer and Discharge\n\nIndicator Question:\n Does an inmate\'s health care file accompany an inmate when he/she is transferred to another facility?\n\nLink:\n http://[PPPAMS_URL]/pppams_reviews/10', `status` = 'Sent', `created_by` = 1, `from_email` = 'notifications@dms.myflorida.com', `subject` = '[PPPAMS] Review 10 status updated to Review on June 23 by David Broadfoot', `updated_at` = '2008-06-23 16:43:33' WHERE id = 3[0m
  [4;36;1mSQL (0.005765)[0m   [0;1mCOMMIT[0m
  [4;36;1mSQL (0.000136)[0m   [0;1mSET SQL_AUTO_IS_NULL=0[0m
  [4;35;1mNotification Load (0.000424)[0m   [0mSELECT * FROM notifications WHERE (notifications.`status` = 'Pending') ORDER BY updated_at[0m
  [4;36;1mSQL (0.000133)[0m   [0;1mSET SQL_AUTO_IS_NULL=0[0m
  [4;35;1mNotification Load (0.000451)[0m   [0mSELECT * FROM notifications WHERE (notifications.`status` = 'Pending') ORDER BY updated_at[0m
  [4;36;1mNotification Columns (0.000856)[0m   [0;1mSHOW FIELDS FROM notifications[0m
Sent mail:
 From: notifications@dms.myflorida.com
To: david+Admin_pppamstest@thinkcreative.com
Subject: [PPPAMS] Review 10 status updated to Review on June 23 by David Broadfoot
Mime-Version: 1.0
Content-Type: text/plain; charset=utf-8

Review ID:
  10

Review Status:
  Review

Date:
  June 23, 2008 @ 16:06

Facility:
  Bay Correctional Facility

Indicator Category:
  Transfer and Discharge

Indicator Question:
  Does an inmate's health care file accompany an inmate when he/she is transferred to another facility?

Link:
  http://[PPPAMS_URL]/pppams_reviews/10
  [4;35;1mSQL (0.000105)[0m   [0mBEGIN[0m
  [4;36;1mNotification Update (0.000780)[0m   [0;1mUPDATE notifications SET `created_at` = NULL, `to_email` = 'david+Admin_pppamstest@thinkcreative.com', `body` = 'Review ID:\n 10\n\nReview Status:\n Review\n\nDate:\n June 23, 2008 @ 16:06\n\nFacility:\n Bay Correctional Facility\n\nIndicator Category:\n Transfer and Discharge\n\nIndicator Question:\n Does an inmate\'s health care file accompany an inmate when he/she is transferred to another facility?\n\nLink:\n http://[PPPAMS_URL]/pppams_reviews/10', `status` = 'Sent', `created_by` = 1, `from_email` = 'notifications@dms.myflorida.com', `subject` = '[PPPAMS] Review 10 status updated to Review on June 23 by David Broadfoot', `updated_at` = '2008-06-23 16:44:55' WHERE id = 2[0m
  [4;35;1mSQL (0.004043)[0m   [0mCOMMIT[0m
Sent mail:
 From: notifications@dms.myflorida.com
To: david@thinkcreative.com
Subject: [PPPAMS] Review 10 status updated to Review on June 23 by David Broadfoot
Mime-Version: 1.0
Content-Type: text/plain; charset=utf-8

Review ID:
  10

Review Status:
  Review

Date:
  June 23, 2008 @ 16:06

Facility:
  Bay Correctional Facility

Indicator Category:
  Transfer and Discharge

Indicator Question:
  Does an inmate's health care file accompany an inmate when he/she is transferred to another facility?

Link:
  http://[PPPAMS_URL]/pppams_reviews/10
  [4;36;1mSQL (0.000135)[0m   [0;1mBEGIN[0m
  [4;35;1mNotification Update (0.000356)[0m   [0mUPDATE notifications SET `created_at` = NULL, `to_email` = 'david@thinkcreative.com', `body` = 'Review ID:\n 10\n\nReview Status:\n Review\n\nDate:\n June 23, 2008 @ 16:06\n\nFacility:\n Bay Correctional Facility\n\nIndicator Category:\n Transfer and Discharge\n\nIndicator Question:\n Does an inmate\'s health care file accompany an inmate when he/she is transferred to another facility?\n\nLink:\n http://[PPPAMS_URL]/pppams_reviews/10', `status` = 'Sent', `created_by` = 1, `from_email` = 'notifications@dms.myflorida.com', `subject` = '[PPPAMS] Review 10 status updated to Review on June 23 by David Broadfoot', `updated_at` = '2008-06-23 16:44:55' WHERE id = 3[0m
  [4;36;1mSQL (0.000405)[0m   [0;1mCOMMIT[0m
  [4;36;1mSQL (0.000137)[0m   [0;1mSET SQL_AUTO_IS_NULL=0[0m
  [4;35;1mNotification Load (0.000450)[0m   [0mSELECT * FROM notifications WHERE (notifications.`status` = 'Pending') ORDER BY updated_at[0m
  [4;36;1mNotification Columns (0.000826)[0m   [0;1mSHOW FIELDS FROM notifications[0m
Sent mail:
 From: notifications@dms.myflorida.com
To: david+Admin_pppamstest@thinkcreative.com
Subject: [PPPAMS] Review 10 status updated to Review on June 23 by David Broadfoot
Mime-Version: 1.0
Content-Type: text/plain; charset=utf-8

Review ID:
  10

Review Status:
  Review

Date:
  June 23, 2008 @ 16:06

Facility:
  Bay Correctional Facility

Indicator Category:
  Transfer and Discharge

Indicator Question:
  Does an inmate's health care file accompany an inmate when he/she is transferred to another facility?

Link:
  http://[PPPAMS_URL]/pppams_reviews/10
  [4;35;1mSQL (0.000101)[0m   [0mBEGIN[0m
  [4;36;1mNotification Update (0.000641)[0m   [0;1mUPDATE notifications SET `created_at` = NULL, `to_email` = 'david+Admin_pppamstest@thinkcreative.com', `body` = 'Review ID:\n 10\n\nReview Status:\n Review\n\nDate:\n June 23, 2008 @ 16:06\n\nFacility:\n Bay Correctional Facility\n\nIndicator Category:\n Transfer and Discharge\n\nIndicator Question:\n Does an inmate\'s health care file accompany an inmate when he/she is transferred to another facility?\n\nLink:\n http://[PPPAMS_URL]/pppams_reviews/10', `status` = 'Sent', `created_by` = 1, `from_email` = 'notifications@dms.myflorida.com', `subject` = '[PPPAMS] Review 10 status updated to Review on June 23 by David Broadfoot', `updated_at` = '2008-06-23 16:46:02' WHERE id = 2[0m
  [4;35;1mSQL (0.000348)[0m   [0mCOMMIT[0m
Sent mail:
 From: notifications@dms.myflorida.com
To: david@thinkcreative.com
Subject: [PPPAMS] Review 10 status updated to Review on June 23 by David Broadfoot
Mime-Version: 1.0
Content-Type: text/plain; charset=utf-8

Review ID:
  10

Review Status:
  Review

Date:
  June 23, 2008 @ 16:06

Facility:
  Bay Correctional Facility

Indicator Category:
  Transfer and Discharge

Indicator Question:
  Does an inmate's health care file accompany an inmate when he/she is transferred to another facility?

Link:
  http://[PPPAMS_URL]/pppams_reviews/10
  [4;36;1mSQL (0.000244)[0m   [0;1mBEGIN[0m
  [4;35;1mNotification Update (0.000506)[0m   [0mUPDATE notifications SET `created_at` = NULL, `to_email` = 'david@thinkcreative.com', `body` = 'Review ID:\n 10\n\nReview Status:\n Review\n\nDate:\n June 23, 2008 @ 16:06\n\nFacility:\n Bay Correctional Facility\n\nIndicator Category:\n Transfer and Discharge\n\nIndicator Question:\n Does an inmate\'s health care file accompany an inmate when he/she is transferred to another facility?\n\nLink:\n http://[PPPAMS_URL]/pppams_reviews/10', `status` = 'Sent', `created_by` = 1, `from_email` = 'notifications@dms.myflorida.com', `subject` = '[PPPAMS] Review 10 status updated to Review on June 23 by David Broadfoot', `updated_at` = '2008-06-23 16:46:02' WHERE id = 3[0m
  [4;36;1mSQL (0.000348)[0m   [0;1mCOMMIT[0m
  [4;36;1mSQL (0.000147)[0m   [0;1mSET SQL_AUTO_IS_NULL=0[0m
  [4;35;1mNotification Load (0.000458)[0m   [0mSELECT * FROM notifications WHERE (notifications.`status` = 'Pending') ORDER BY updated_at[0m
  [4;36;1mSQL (0.000149)[0m   [0;1mSET SQL_AUTO_IS_NULL=0[0m
  [4;35;1mNotification Load (0.000558)[0m   [0mSELECT * FROM notifications WHERE (notifications.`status` = 'Pending') ORDER BY updated_at[0m
  [4;36;1mNotification Columns (0.000954)[0m   [0;1mSHOW FIELDS FROM notifications[0m
Sent mail:
 From: notifications@dms.myflorida.com
To: david+Admin_pppamstest@thinkcreative.com
Subject: [PPPAMS] Review 10 status updated to Review on June 23 by David Broadfoot
Mime-Version: 1.0
Content-Type: text/plain; charset=utf-8

Review ID:
  10

Review Status:
  Review

Date:
  June 23, 2008 @ 16:06

Facility:
  Bay Correctional Facility

Indicator Category:
  Transfer and Discharge

Indicator Question:
  Does an inmate's health care file accompany an inmate when he/she is transferred to another facility?

Link:
  http://[PPPAMS_URL]/pppams_reviews/10
  [4;35;1mSQL (0.000121)[0m   [0mBEGIN[0m
  [4;36;1mNotification Update (0.000741)[0m   [0;1mUPDATE notifications SET `created_at` = NULL, `to_email` = 'david+Admin_pppamstest@thinkcreative.com', `body` = 'Review ID:\n 10\n\nReview Status:\n Review\n\nDate:\n June 23, 2008 @ 16:06\n\nFacility:\n Bay Correctional Facility\n\nIndicator Category:\n Transfer and Discharge\n\nIndicator Question:\n Does an inmate\'s health care file accompany an inmate when he/she is transferred to another facility?\n\nLink:\n http://[PPPAMS_URL]/pppams_reviews/10', `status` = 'Sent', `created_by` = 1, `from_email` = 'notifications@dms.myflorida.com', `subject` = '[PPPAMS] Review 10 status updated to Review on June 23 by David Broadfoot', `updated_at` = '2008-06-23 16:48:49' WHERE id = 2[0m
  [4;35;1mSQL (0.004737)[0m   [0mCOMMIT[0m
Sent mail:
 From: notifications@dms.myflorida.com
To: david@thinkcreative.com
Subject: [PPPAMS] Review 10 status updated to Review on June 23 by David Broadfoot
Mime-Version: 1.0
Content-Type: text/plain; charset=utf-8

Review ID:
  10

Review Status:
  Review

Date:
  June 23, 2008 @ 16:06

Facility:
  Bay Correctional Facility

Indicator Category:
  Transfer and Discharge

Indicator Question:
  Does an inmate's health care file accompany an inmate when he/she is transferred to another facility?

Link:
  http://[PPPAMS_URL]/pppams_reviews/10
  [4;36;1mSQL (0.000110)[0m   [0;1mBEGIN[0m
  [4;35;1mNotification Update (0.000416)[0m   [0mUPDATE notifications SET `created_at` = NULL, `to_email` = 'david@thinkcreative.com', `body` = 'Review ID:\n 10\n\nReview Status:\n Review\n\nDate:\n June 23, 2008 @ 16:06\n\nFacility:\n Bay Correctional Facility\n\nIndicator Category:\n Transfer and Discharge\n\nIndicator Question:\n Does an inmate\'s health care file accompany an inmate when he/she is transferred to another facility?\n\nLink:\n http://[PPPAMS_URL]/pppams_reviews/10', `status` = 'Sent', `created_by` = 1, `from_email` = 'notifications@dms.myflorida.com', `subject` = '[PPPAMS] Review 10 status updated to Review on June 23 by David Broadfoot', `updated_at` = '2008-06-23 16:48:49' WHERE id = 3[0m
  [4;36;1mSQL (0.000384)[0m   [0;1mCOMMIT[0m
