# Logfile created on Tue Aug 21 12:03:16 -0400 2007 by logger.rb/1.5.2.9

Request: REQUEST_URI: /  (2007-08-21 12:48:53)
Bad controller! Noroutefound - (RuntimeError)
c:/ruby/lib/ruby/gems/1.8/gems/merb-0.3.7/lib/merb/merb_dispatcher.rb:68:in `resolve_controller'
c:/ruby/lib/ruby/gems/1.8/gems/merb-0.3.7/lib/merb/merb_dispatcher.rb:30:in `handle'
c:/ruby/lib/ruby/gems/1.8/gems/merb-0.3.7/lib/merb/merb_handler.rb:65:in `process'
c:/ruby/lib/ruby/gems/1.8/gems/mongrel-1.0.1-mswin32/lib/mongrel.rb:618:in `process_client'
c:/ruby/lib/ruby/gems/1.8/gems/mongrel-1.0.1-mswin32/lib/mongrel.rb:617:in `each'
c:/ruby/lib/ruby/gems/1.8/gems/mongrel-1.0.1-mswin32/lib/mongrel.rb:617:in `process_client'
c:/ruby/lib/ruby/gems/1.8/gems/mongrel-1.0.1-mswin32/lib/mongrel.rb:736:in `run'
c:/ruby/lib/ruby/gems/1.8/gems/mongrel-1.0.1-mswin32/lib/mongrel.rb:736:in `initialize'
c:/ruby/lib/ruby/gems/1.8/gems/mongrel-1.0.1-mswin32/lib/mongrel.rb:736:in `new'
c:/ruby/lib/ruby/gems/1.8/gems/mongrel-1.0.1-mswin32/lib/mongrel.rb:736:in `run'
c:/ruby/lib/ruby/gems/1.8/gems/mongrel-1.0.1-mswin32/lib/mongrel.rb:720:in `initialize'
c:/ruby/lib/ruby/gems/1.8/gems/mongrel-1.0.1-mswin32/lib/mongrel.rb:720:in `new'
c:/ruby/lib/ruby/gems/1.8/gems/mongrel-1.0.1-mswin32/lib/mongrel.rb:720:in `run'
c:/ruby/lib/ruby/gems/1.8/gems/mongrel-1.0.1-mswin32/lib/mongrel/configurator.rb:271:in `run'
c:/ruby/lib/ruby/gems/1.8/gems/mongrel-1.0.1-mswin32/lib/mongrel/configurator.rb:270:in `each'
c:/ruby/lib/ruby/gems/1.8/gems/mongrel-1.0.1-mswin32/lib/mongrel/configurator.rb:270:in `run'
c:/ruby/lib/ruby/gems/1.8/gems/merb-0.3.7/lib/merb/merb_server.rb:357:in `cloaker_'
c:/ruby/lib/ruby/gems/1.8/gems/mongrel-1.0.1-mswin32/lib/mongrel/configurator.rb:51:in `call'
c:/ruby/lib/ruby/gems/1.8/gems/mongrel-1.0.1-mswin32/lib/mongrel/configurator.rb:51:in `initialize'
c:/ruby/lib/ruby/gems/1.8/gems/merb-0.3.7/lib/merb/merb_server.rb:348:in `new'
c:/ruby/lib/ruby/gems/1.8/gems/merb-0.3.7/lib/merb/merb_server.rb:348:in `mongrel_start'
c:/ruby/lib/ruby/gems/1.8/gems/merb-0.3.7/lib/merb/merb_server.rb:292:in `run'
c:/ruby/lib/ruby/gems/1.8/gems/merb-0.3.7/bin/merb:6
c:/ruby/bin/merb:16:in `load'
c:/ruby/bin/merb:16

Request: REQUEST_URI: /  (2007-08-21 13:36:39)
Bad controller! Noroutefound - (RuntimeError)
c:/ruby/lib/ruby/gems/1.8/gems/merb-0.3.7/lib/merb/merb_dispatcher.rb:68:in `resolve_controller'
c:/ruby/lib/ruby/gems/1.8/gems/merb-0.3.7/lib/merb/merb_dispatcher.rb:30:in `handle'
c:/ruby/lib/ruby/gems/1.8/gems/merb-0.3.7/lib/merb/merb_handler.rb:65:in `process'
c:/ruby/lib/ruby/gems/1.8/gems/mongrel-1.0.1-mswin32/lib/mongrel.rb:618:in `process_client'
c:/ruby/lib/ruby/gems/1.8/gems/mongrel-1.0.1-mswin32/lib/mongrel.rb:617:in `each'
c:/ruby/lib/ruby/gems/1.8/gems/mongrel-1.0.1-mswin32/lib/mongrel.rb:617:in `process_client'
c:/ruby/lib/ruby/gems/1.8/gems/mongrel-1.0.1-mswin32/lib/mongrel.rb:736:in `run'
c:/ruby/lib/ruby/gems/1.8/gems/mongrel-1.0.1-mswin32/lib/mongrel.rb:736:in `initialize'
c:/ruby/lib/ruby/gems/1.8/gems/mongrel-1.0.1-mswin32/lib/mongrel.rb:736:in `new'
c:/ruby/lib/ruby/gems/1.8/gems/mongrel-1.0.1-mswin32/lib/mongrel.rb:736:in `run'
c:/ruby/lib/ruby/gems/1.8/gems/mongrel-1.0.1-mswin32/lib/mongrel.rb:720:in `initialize'
c:/ruby/lib/ruby/gems/1.8/gems/mongrel-1.0.1-mswin32/lib/mongrel.rb:720:in `new'
c:/ruby/lib/ruby/gems/1.8/gems/mongrel-1.0.1-mswin32/lib/mongrel.rb:720:in `run'
c:/ruby/lib/ruby/gems/1.8/gems/mongrel-1.0.1-mswin32/lib/mongrel/configurator.rb:271:in `run'
c:/ruby/lib/ruby/gems/1.8/gems/mongrel-1.0.1-mswin32/lib/mongrel/configurator.rb:270:in `each'
c:/ruby/lib/ruby/gems/1.8/gems/mongrel-1.0.1-mswin32/lib/mongrel/configurator.rb:270:in `run'
c:/ruby/lib/ruby/gems/1.8/gems/merb-0.3.7/lib/merb/merb_server.rb:357:in `cloaker_'
c:/ruby/lib/ruby/gems/1.8/gems/mongrel-1.0.1-mswin32/lib/mongrel/configurator.rb:51:in `call'
c:/ruby/lib/ruby/gems/1.8/gems/mongrel-1.0.1-mswin32/lib/mongrel/configurator.rb:51:in `initialize'
c:/ruby/lib/ruby/gems/1.8/gems/merb-0.3.7/lib/merb/merb_server.rb:348:in `new'
c:/ruby/lib/ruby/gems/1.8/gems/merb-0.3.7/lib/merb/merb_server.rb:348:in `mongrel_start'
c:/ruby/lib/ruby/gems/1.8/gems/merb-0.3.7/lib/merb/merb_server.rb:292:in `run'
c:/ruby/lib/ruby/gems/1.8/gems/merb-0.3.7/bin/merb:6
c:/ruby/bin/merb:16:in `load'
c:/ruby/bin/merb:16
